<?xml version="1.0" encoding="UTF-8"?>
<testsuite name="ToRomanNumeralsTest" tests="9" skipped="0" failures="0" errors="0" timestamp="2022-01-11T22:10:09" hostname="DESKTOP-6IECT8M" time="0.03">
  <properties/>
  <testcase name="convertNumber10()" classname="ToRomanNumeralsTest" time="0.021"/>
  <testcase name="convertNumber42()" classname="ToRomanNumeralsTest" time="0.001"/>
  <testcase name="convertNumber99()" classname="ToRomanNumeralsTest" time="0.001"/>
  <testcase name="convertNumber2013()" classname="ToRomanNumeralsTest" time="0.001"/>
  <testcase name="convertNumber1()" classname="ToRomanNumeralsTest" time="0.001"/>
  <testcase name="convertNumber2()" classname="ToRomanNumeralsTest" time="0.001"/>
  <testcase name="convertNumber4()" classname="ToRomanNumeralsTest" time="0.0"/>
  <testcase name="convertNumber5()" classname="ToRomanNumeralsTest" time="0.0"/>
  <testcase name="convertNumber9()" classname="ToRomanNumeralsTest" time="0.0"/>
  <system-out><![CDATA[]]></system-out>
  <system-err><![CDATA[]]></system-err>
</testsuite>
